<?xml version="1.0" encoding="UTF-8"?>
<!-- Generated by org.testng.reporters.JUnitReportReporter -->
<testsuite skipped="0" hostname="MSI" name="TestNG.Sample" tests="2" failures="0" timestamp="2023-02-25T19:27:34 IST" time="0.001" errors="0">
  <testcase name="test1" time="0.000" classname="TestNG.Sample"/>
  <system-out/>
  <testcase name="test2" time="0.001" classname="TestNG.Sample"/>
  <system-out/>
</testsuite> <!-- TestNG.Sample -->
