<?xml version="1.0" encoding="UTF-8"?>
<!-- Generated by org.testng.reporters.JUnitReportReporter -->
<testsuite hostname="TF-D116" failures="0" tests="1" name="TestNG.Annotations" time="1.256" errors="0" timestamp="2023-02-23T11:12:06 IST" skipped="0">
  <testcase classname="TestNG.Annotations" name="calculatePercentage" time="1.256"/>
  <system-out/>
</testsuite> <!-- TestNG.Annotations -->
