<?xml version="1.0" encoding="UTF-8"?>
<!-- Generated by org.testng.reporters.JUnitReportReporter -->
<testsuite hostname="TF-D116" failures="0" tests="2" name="TestNG.Sample" time="0.002" errors="0" timestamp="2023-02-23T12:12:10 IST" skipped="0">
  <testcase classname="TestNG.Sample" name="test1" time="0.001"/>
  <system-out/>
  <testcase classname="TestNG.Sample" name="test2" time="0.001"/>
  <system-out/>
</testsuite> <!-- TestNG.Sample -->
