<?xml version="1.0" encoding="UTF-8"?>
<!-- Generated by org.testng.reporters.JUnitReportReporter -->
<testsuite hostname="TF-D116" failures="0" tests="6" name="TestNG.GroupsEx" time="0.004" errors="0" timestamp="2023-02-23T16:20:48 IST" skipped="0">
  <testcase classname="TestNG.GroupsEx" name="test6" time="0.000"/>
  <system-out/>
  <testcase classname="TestNG.GroupsEx" name="test4" time="0.001"/>
  <system-out/>
  <testcase classname="TestNG.GroupsEx" name="test5" time="0.000"/>
  <system-out/>
  <testcase classname="TestNG.GroupsEx" name="test3" time="0.000"/>
  <system-out/>
  <testcase classname="TestNG.GroupsEx" name="test2" time="0.000"/>
  <system-out/>
  <testcase classname="TestNG.GroupsEx" name="test1" time="0.003"/>
  <system-out/>
</testsuite> <!-- TestNG.GroupsEx -->
