<?xml version="1.0" encoding="UTF-8"?>
<!-- Generated by org.testng.reporters.JUnitReportReporter -->
<testsuite hostname="TF-D116" failures="0" tests="4" name="ExtentReport.TestNGReport" time="0.005" errors="0" timestamp="2023-02-24T17:42:01 IST" skipped="0">
  <testcase classname="ExtentReport.TestNGReport" name="test4" time="0.001"/>
  <system-out>
    <![CDATA[Fourth test case]]>
  </system-out>
  <testcase classname="ExtentReport.TestNGReport" name="test3" time="0.000"/>
  <system-out>
    <![CDATA[Third test case]]>
  </system-out>
  <testcase classname="ExtentReport.TestNGReport" name="test2" time="0.000"/>
  <system-out>
    <![CDATA[Second test case]]>
  </system-out>
  <testcase classname="ExtentReport.TestNGReport" name="test1" time="0.004"/>
  <system-out>
    <![CDATA[First test case]]>
  </system-out>
</testsuite> <!-- ExtentReport.TestNGReport -->
