<?xml version="1.0" encoding="UTF-8"?>
<!-- Generated by org.testng.reporters.JUnitReportReporter -->
<testsuite hostname="TF-D116" failures="0" tests="1" name="TestNG.SimpleAnnotations" time="0.000" errors="0" timestamp="2023-02-24T18:02:35 IST" skipped="0">
  <testcase classname="TestNG.SimpleAnnotations" name="beforeTest1" time="0.000"/>
  <system-out/>
</testsuite> <!-- TestNG.SimpleAnnotations -->
