<?xml version="1.0" encoding="UTF-8"?>
<!-- Generated by org.testng.reporters.JUnitReportReporter -->
<testsuite hostname="TF-D116" failures="0" tests="9" name="TestNG.Priority" time="0.004" errors="0" timestamp="2023-02-23T12:19:17 IST" skipped="1">
  <testcase classname="TestNG.Priority" name="test5" time="0.003"/>
  <system-out/>
  <testcase classname="TestNG.Priority" name="test4" time="0.001"/>
  <system-out/>
  <testcase classname="TestNG.Priority" name="test7" time="0.000"/>
  <system-out/>
  <testcase classname="TestNG.Priority" name="test7" time="0.000"/>
  <system-out/>
  <testcase classname="TestNG.Priority" name="test3" time="0.000"/>
  <system-out/>
  <testcase classname="TestNG.Priority" name="test" time="0.000"/>
  <system-out/>
  <testcase classname="TestNG.Priority" name="test2" time="0.000"/>
  <system-out/>
  <testcase classname="TestNG.Priority" name="test1" time="0.000"/>
  <system-out/>
  <testcase classname="TestNG.Priority" name="test6">
    <skipped/>
  </testcase> <!-- test6 -->
  <system-out/>
</testsuite> <!-- TestNG.Priority -->
