<?xml version="1.0" encoding="UTF-8"?>
<!-- Generated by org.testng.reporters.JUnitReportReporter -->
<testsuite hostname="TF-D116" failures="0" tests="3" name="TestNG.DependsOn" time="0.004" errors="0" timestamp="2023-02-23T12:50:35 IST" skipped="0">
  <testcase classname="TestNG.DependsOn" name="logout" time="0.000"/>
  <system-out/>
  <testcase classname="TestNG.DependsOn" name="login" time="0.001"/>
  <system-out/>
  <testcase classname="TestNG.DependsOn" name="registration" time="0.003"/>
  <system-out/>
</testsuite> <!-- TestNG.DependsOn -->
